['crop_65071.tif', 'crop_23450.tif', 'crop_70100.tif', 'crop_66272.tif', 'crop_63450.tif', 'crop_25858.tif', 'crop_10466.tif', 'crop_54406.tif', 'crop_29440.tif', 'crop_28579.tif']
[0 2] [50132    44]
(224, 224)
(56, 56)
3136
[0 1] [3135    1]
loaded state dict
torch.Size([1, 2048, 28, 28])
torch.Size([2048, 56, 56])
[t-SNE] Computing 91 nearest neighbors...
[t-SNE] Indexed 3136 samples in 1.452s...
[t-SNE] Computed neighbors for 3136 samples in 38.458s...
[t-SNE] Computed conditional probabilities for sample 1000 / 3136
[t-SNE] Computed conditional probabilities for sample 2000 / 3136
[t-SNE] Computed conditional probabilities for sample 3000 / 3136
[t-SNE] Computed conditional probabilities for sample 3136 / 3136
[t-SNE] Mean sigma: 2.674519
[t-SNE] KL divergence after 250 iterations with early exaggeration: 73.286781
[t-SNE] KL divergence after 4000 iterations: -2.456459
asfalto
arvore
cimento
telhado1
telhado2
telhado3
grama
piscina
solo
[0 1] [49661   515]
(224, 224)
(56, 56)
3136
[0 1] [3113   23]
loaded state dict
torch.Size([1, 2048, 28, 28])
torch.Size([2048, 56, 56])
[t-SNE] Computing 91 nearest neighbors...
[t-SNE] Indexed 3136 samples in 1.514s...
[t-SNE] Computed neighbors for 3136 samples in 34.914s...
[t-SNE] Computed conditional probabilities for sample 1000 / 3136
[t-SNE] Computed conditional probabilities for sample 2000 / 3136
[t-SNE] Computed conditional probabilities for sample 3000 / 3136
[t-SNE] Computed conditional probabilities for sample 3136 / 3136
[t-SNE] Mean sigma: 2.879572
[t-SNE] KL divergence after 250 iterations with early exaggeration: 70.542419
[t-SNE] KL divergence after 4000 iterations: -2.610568
asfalto
arvore
cimento
telhado1
telhado2
telhado3
grama
piscina
solo
[0 2] [48333  1843]
(224, 224)
(56, 56)
3136
[0 1 2] [3022   20   94]
loaded state dict
torch.Size([1, 2048, 28, 28])
torch.Size([2048, 56, 56])
[t-SNE] Computing 91 nearest neighbors...
[t-SNE] Indexed 3136 samples in 1.560s...
[t-SNE] Computed neighbors for 3136 samples in 33.153s...
[t-SNE] Computed conditional probabilities for sample 1000 / 3136
[t-SNE] Computed conditional probabilities for sample 2000 / 3136
[t-SNE] Computed conditional probabilities for sample 3000 / 3136
[t-SNE] Computed conditional probabilities for sample 3136 / 3136
[t-SNE] Mean sigma: 2.141022
[t-SNE] KL divergence after 250 iterations with early exaggeration: 73.819794
[t-SNE] KL divergence after 4000 iterations: -2.373964
asfalto
arvore
cimento
telhado1
telhado2
telhado3
grama
piscina
solo
[0 6] [50099    77]
(224, 224)
(56, 56)
3136
[0 1 3 4 6] [3128    3    2    1    2]
loaded state dict
torch.Size([1, 2048, 28, 28])
torch.Size([2048, 56, 56])
[t-SNE] Computing 91 nearest neighbors...
[t-SNE] Indexed 3136 samples in 1.669s...
[t-SNE] Computed neighbors for 3136 samples in 34.912s...
[t-SNE] Computed conditional probabilities for sample 1000 / 3136
[t-SNE] Computed conditional probabilities for sample 2000 / 3136
[t-SNE] Computed conditional probabilities for sample 3000 / 3136
[t-SNE] Computed conditional probabilities for sample 3136 / 3136
[t-SNE] Mean sigma: 2.740369
[t-SNE] KL divergence after 250 iterations with early exaggeration: 70.575516
[t-SNE] KL divergence after 4000 iterations: -2.283922
asfalto
arvore
cimento
telhado1
telhado2
telhado3
grama
piscina
solo
[0 2] [21377 28799]
(224, 224)
(56, 56)
3136
[0 1 2] [1334   41 1761]
loaded state dict
torch.Size([1, 2048, 28, 28])
torch.Size([2048, 56, 56])
[t-SNE] Computing 91 nearest neighbors...
[t-SNE] Indexed 3136 samples in 1.478s...
[t-SNE] Computed neighbors for 3136 samples in 26.359s...
[t-SNE] Computed conditional probabilities for sample 1000 / 3136
[t-SNE] Computed conditional probabilities for sample 2000 / 3136
[t-SNE] Computed conditional probabilities for sample 3000 / 3136
[t-SNE] Computed conditional probabilities for sample 3136 / 3136
[t-SNE] Mean sigma: 1.559962
[t-SNE] KL divergence after 250 iterations with early exaggeration: 63.851254
[t-SNE] KL divergence after 4000 iterations: -2.364218
asfalto
arvore
cimento
telhado1
telhado2
telhado3
grama
piscina
solo
[0 7] [47513  2663]
(224, 224)
(56, 56)
3136
[0 1 2 3 4 5 6 7] [2961    6    1    4    2    3    3  156]
loaded state dict
torch.Size([1, 2048, 28, 28])
torch.Size([2048, 56, 56])
[t-SNE] Computing 91 nearest neighbors...
[t-SNE] Indexed 3136 samples in 1.472s...
[t-SNE] Computed neighbors for 3136 samples in 23.456s...
[t-SNE] Computed conditional probabilities for sample 1000 / 3136
[t-SNE] Computed conditional probabilities for sample 2000 / 3136
[t-SNE] Computed conditional probabilities for sample 3000 / 3136
[t-SNE] Computed conditional probabilities for sample 3136 / 3136
[t-SNE] Mean sigma: 2.071629
[t-SNE] KL divergence after 250 iterations with early exaggeration: 62.193329
[t-SNE] KL divergence after 4000 iterations: -2.222308
asfalto
arvore
cimento
telhado1
telhado2
telhado3
grama
piscina
solo
[0 5] [48466  1710]
(224, 224)
(56, 56)
3136
[0 1 2 3 4 5] [3013   10   11   14    5   83]
loaded state dict
torch.Size([1, 2048, 28, 28])
torch.Size([2048, 56, 56])
[t-SNE] Computing 91 nearest neighbors...
[t-SNE] Indexed 3136 samples in 1.617s...
[t-SNE] Computed neighbors for 3136 samples in 26.331s...
[t-SNE] Computed conditional probabilities for sample 1000 / 3136
[t-SNE] Computed conditional probabilities for sample 2000 / 3136
[t-SNE] Computed conditional probabilities for sample 3000 / 3136
[t-SNE] Computed conditional probabilities for sample 3136 / 3136
[t-SNE] Mean sigma: 2.637651
[t-SNE] KL divergence after 250 iterations with early exaggeration: 65.428329
[t-SNE] KL divergence after 4000 iterations: -2.126915
asfalto
arvore
cimento
telhado1
telhado2
telhado3
grama
piscina
solo
[0 7] [49999   177]
(224, 224)
(56, 56)
3136
[0 1 2 3 5 6 7] [3120    3    1    3    3    1    5]
loaded state dict
torch.Size([1, 2048, 28, 28])
torch.Size([2048, 56, 56])
[t-SNE] Computing 91 nearest neighbors...
[t-SNE] Indexed 3136 samples in 1.596s...
[t-SNE] Computed neighbors for 3136 samples in 35.751s...
[t-SNE] Computed conditional probabilities for sample 1000 / 3136
[t-SNE] Computed conditional probabilities for sample 2000 / 3136
[t-SNE] Computed conditional probabilities for sample 3000 / 3136
[t-SNE] Computed conditional probabilities for sample 3136 / 3136
[t-SNE] Mean sigma: 2.877663
[t-SNE] KL divergence after 250 iterations with early exaggeration: 72.107475
[t-SNE] KL divergence after 4000 iterations: -2.583704
asfalto
arvore
cimento
telhado1
telhado2
telhado3
grama
piscina
solo
[0 5] [50156    20]
(224, 224)
(56, 56)
3136
[0 2 3] [3134    1    1]
loaded state dict
torch.Size([1, 2048, 28, 28])
torch.Size([2048, 56, 56])
[t-SNE] Computing 91 nearest neighbors...
[t-SNE] Indexed 3136 samples in 1.676s...
[t-SNE] Computed neighbors for 3136 samples in 34.673s...
[t-SNE] Computed conditional probabilities for sample 1000 / 3136
[t-SNE] Computed conditional probabilities for sample 2000 / 3136
[t-SNE] Computed conditional probabilities for sample 3000 / 3136
[t-SNE] Computed conditional probabilities for sample 3136 / 3136
[t-SNE] Mean sigma: 2.724951
[t-SNE] KL divergence after 250 iterations with early exaggeration: 72.286903
[t-SNE] KL divergence after 4000 iterations: -2.441448
asfalto
arvore
cimento
telhado1
telhado2
telhado3
grama
piscina
solo
[0 9] [48341  1835]
(224, 224)
(56, 56)
3136
[0 1 2 3 4 5 6 7 8 9] [3002    9    3    3    3    9    5    7    4   91]
loaded state dict
torch.Size([1, 2048, 28, 28])
torch.Size([2048, 56, 56])
[t-SNE] Computing 91 nearest neighbors...
[t-SNE] Indexed 3136 samples in 1.917s...
[t-SNE] Computed neighbors for 3136 samples in 30.494s...
[t-SNE] Computed conditional probabilities for sample 1000 / 3136
[t-SNE] Computed conditional probabilities for sample 2000 / 3136
[t-SNE] Computed conditional probabilities for sample 3000 / 3136
[t-SNE] Computed conditional probabilities for sample 3136 / 3136
[t-SNE] Mean sigma: 2.807177
[t-SNE] KL divergence after 250 iterations with early exaggeration: 64.126915
[t-SNE] KL divergence after 4000 iterations: -2.207700
asfalto
arvore
cimento
telhado1
telhado2
telhado3
grama
piscina
solo
